<?xml version="1.0" encoding="UTF-8"?>
<!-- Generated by org.testng.reporters.JUnitXMLReporter -->
<testsuite ignored="2" hostname="CTAADPG038WQ7" failures="0" tests="3" name="Surefire test" time="218.354" errors="0" timestamp="2023-06-19T19:44:32 IST">
  <testcase classname="TestCases.ALoginTest" name="loginMethod" time="105.682"/>
  <testcase classname="TestCases.BHRISTest" name="BHRISmethod" time="73.838"/>
  <testcase classname="TestCases.CTravelTest" name="TravelMethod" time="38.784"/>
  <testcase classname="Utilities.BaseClass" name="@BeforeSuite EdgeDriverInvoke" time="0.0">
    <ignored/>
  </testcase> <!-- @BeforeSuite EdgeDriverInvoke -->
  <testcase classname="Utilities.BaseClass" name="@BeforeSuite EdgeDriverInvoke" time="0.0">
    <ignored/>
  </testcase> <!-- @BeforeSuite EdgeDriverInvoke -->
</testsuite> <!-- Surefire test -->
