<?xml version="1.0" encoding="UTF-8"?>
<!-- Generated by org.testng.reporters.JUnitXMLReporter -->
<testsuite ignored="3" hostname="CTAADPG038WQ7" failures="0" tests="4" name="Test" time="80.068" errors="0" timestamp="2023-06-19T13:15:41 IST">
  <testcase classname="TestCases.ALoginTest" name="loginMethod" time="9.627"/>
  <testcase classname="TestCases.BHRISTest" name="BHRISmethod" time="32.669"/>
  <testcase classname="TestCases.CTravelTest" name="TravelMethod" time="37.693"/>
  <testcase classname="TestCases.DTestNo4" name="MethodOfTest4" time="0.003"/>
  <testcase classname="Utilities.BaseClass" name="@BeforeSuite EdgeDriverInvoke" time="0.0">
    <ignored/>
  </testcase> <!-- @BeforeSuite EdgeDriverInvoke -->
  <testcase classname="Utilities.BaseClass" name="@BeforeSuite EdgeDriverInvoke" time="0.0">
    <ignored/>
  </testcase> <!-- @BeforeSuite EdgeDriverInvoke -->
  <testcase classname="Utilities.BaseClass" name="@BeforeSuite EdgeDriverInvoke" time="0.0">
    <ignored/>
  </testcase> <!-- @BeforeSuite EdgeDriverInvoke -->
</testsuite> <!-- Test -->
