<?xml version="1.0" encoding="UTF-8"?>
<testng-results ignored="0" total="3" passed="3" failed="0" skipped="0">
  <reporter-output>
  </reporter-output>
  <suite started-at="2023-06-19T19:40:53 IST" name="Surefire suite" finished-at="2023-06-19T19:44:32 IST" duration-ms="218354">
    <groups>
    </groups>
    <test started-at="2023-06-19T19:40:53 IST" name="Surefire test" finished-at="2023-06-19T19:44:32 IST" duration-ms="218354">
      <class name="TestCases.CTravelTest">
        <test-method signature="TravelMethod()[pri:0, instance:TestCases.CTravelTest@bd4dc25]" started-at="2023-06-19T19:43:53 IST" name="TravelMethod" finished-at="2023-06-19T19:44:32 IST" duration-ms="38784" status="PASS">
          <reporter-output>
          </reporter-output>
        </test-method> <!-- TravelMethod -->
      </class> <!-- TestCases.CTravelTest -->
      <class name="TestCases.BHRISTest">
        <test-method signature="BHRISmethod()[pri:0, instance:TestCases.BHRISTest@4efc180e]" started-at="2023-06-19T19:42:39 IST" name="BHRISmethod" finished-at="2023-06-19T19:43:53 IST" duration-ms="73838" status="PASS">
          <reporter-output>
          </reporter-output>
        </test-method> <!-- BHRISmethod -->
      </class> <!-- TestCases.BHRISTest -->
      <class name="TestCases.ALoginTest">
        <test-method is-config="true" signature="EdgeDriverInvoke()[pri:0, instance:TestCases.ALoginTest@fba92d3]" started-at="2023-06-19T19:40:44 IST" name="EdgeDriverInvoke" finished-at="2023-06-19T19:40:53 IST" duration-ms="8993" status="PASS">
          <reporter-output>
          </reporter-output>
        </test-method> <!-- EdgeDriverInvoke -->
        <test-method signature="loginMethod()[pri:0, instance:TestCases.ALoginTest@fba92d3]" started-at="2023-06-19T19:40:53 IST" name="loginMethod" finished-at="2023-06-19T19:42:39 IST" duration-ms="105682" status="PASS">
          <reporter-output>
          </reporter-output>
        </test-method> <!-- loginMethod -->
      </class> <!-- TestCases.ALoginTest -->
    </test> <!-- Surefire test -->
  </suite> <!-- Surefire suite -->
</testng-results>
