<?xml version="1.0" encoding="UTF-8"?>
<testng-results ignored="0" total="1" passed="1" failed="0" skipped="0">
  <reporter-output>
  </reporter-output>
  <suite started-at="2023-06-26T20:02:25 IST" name="Default suite" finished-at="2023-06-26T20:02:26 IST" duration-ms="66">
    <groups>
    </groups>
    <test started-at="2023-06-26T20:02:25 IST" name="Default test" finished-at="2023-06-26T20:02:26 IST" duration-ms="66">
      <class name="TestCases.DTestNo4">
        <test-method is-config="true" signature="EdgeDriverInvoke()[pri:0, instance:TestCases.DTestNo4@3527942a]" started-at="2023-06-26T20:02:21 IST" name="EdgeDriverInvoke" finished-at="2023-06-26T20:02:25 IST" duration-ms="4185" status="PASS">
          <reporter-output>
          </reporter-output>
        </test-method> <!-- EdgeDriverInvoke -->
        <test-method signature="MethodOfTest4()[pri:0, instance:TestCases.DTestNo4@3527942a]" started-at="2023-06-26T20:02:25 IST" name="MethodOfTest4" finished-at="2023-06-26T20:02:25 IST" duration-ms="10" status="PASS">
          <reporter-output>
          </reporter-output>
        </test-method> <!-- MethodOfTest4 -->
      </class> <!-- TestCases.DTestNo4 -->
    </test> <!-- Default test -->
  </suite> <!-- Default suite -->
</testng-results>
